\BOOKMARK [0][]{chapter.1}{1 Introduction}{}% 1
\BOOKMARK [1][-]{section.1.1}{1.1 \040Baryonic acoustic oscillations }{chapter.1}% 2
\BOOKMARK [0][]{chapter.2}{2 Fundamentos en Cosmolog\355a }{}% 3
\BOOKMARK [1][-]{section.2.1}{2.1 M\351trica Robertson Walker}{chapter.2}% 4
\BOOKMARK [1][-]{section.2.2}{2.2 Ecuaci\363n de Campo de Hilbert-Einstein}{chapter.2}% 5
\BOOKMARK [1][-]{section.2.3}{2.3 Ecuaciones de Friedmann}{chapter.2}% 6
\BOOKMARK [1][-]{section.2.4}{2.4 Ecuaciones de Estado}{chapter.2}% 7
\BOOKMARK [1][-]{section.2.5}{2.5 Evoluci\363n de las Perturbaciones de Densidad en R\351gimen Newtoniano}{chapter.2}% 8
\BOOKMARK [2][-]{subsection.2.5.1}{2.5.1 Descripci\363n Newtoniana}{section.2.5}% 9
\BOOKMARK [2][-]{subsection.2.5.2}{2.5.2 Inestabilidad de Jeans}{section.2.5}% 10
\BOOKMARK [2][-]{subsection.2.5.3}{2.5.3 Espectro de Potencias}{section.2.5}% 11
\BOOKMARK [1][-]{section.2.6}{2.6 Colapso No-lineal de las Perturbaciones de Densidad }{chapter.2}% 12
\BOOKMARK [2][-]{subsection.2.6.1}{2.6.1 Aproximaci\363n de Zeldovich}{section.2.6}% 13
\BOOKMARK [1][-]{section.2.7}{2.7 \040Cosmic density field }{chapter.2}% 14
\BOOKMARK [2][-]{subsection.2.7.1}{2.7.1 \040Correlation functions }{section.2.7}% 15
\BOOKMARK [2][-]{subsection.2.7.2}{2.7.2 \040Mass moments }{section.2.7}% 16
\BOOKMARK [2][-]{subsection.2.7.3}{2.7.3 \040Clustering in the real and redshift space }{section.2.7}% 17
\BOOKMARK [1][-]{section.2.8}{2.8 \040Baryonic acoustic oscillations }{chapter.2}% 18
\BOOKMARK [0][]{chapter.3}{3 \040Cosmological simulations }{}% 19
\BOOKMARK [1][-]{section.3.1}{3.1 \040Numerical methods }{chapter.3}% 20
\BOOKMARK [1][-]{section.3.2}{3.2 \040Halo selection }{chapter.3}% 21
\BOOKMARK [2][-]{subsection.3.2.1}{3.2.1 \040Friends of friends }{section.3.2}% 22
\BOOKMARK [2][-]{subsection.3.2.2}{3.2.2 \040Bound density maximum }{section.3.2}% 23
\BOOKMARK [1][-]{section.3.3}{3.3 \040Correlation functions in cosmological simulations }{chapter.3}% 24
\BOOKMARK [1][-]{section.3.4}{3.4 \040Power spectrum in cosmological simulations }{chapter.3}% 25
